C:\Program Files\Microsoft Visual Studio\2022\Community\MSBuild\Current\Bin\amd64\Microsoft.Common.CurrentVersion.targets(2927,5): warning MSB3284: Cannot get the file path for type library "05bfd3f1-6319-4f30-b752-c7a22889bcc4" version 1.0. Library not registered. (Exception from HRESULT: 0x8002801D (TYPE_E_LIBNOTREGISTERED))
C:\Program Files\Microsoft Visual Studio\2022\Community\MSBuild\Current\Bin\amd64\Microsoft.Common.CurrentVersion.targets(2927,5): warning MSB3284: Cannot get the file path for type library "05bfd3f1-6319-4f30-b752-c7a22889bcc4" version 1.0. Library not registered. (Exception from HRESULT: 0x8002801D (TYPE_E_LIBNOTREGISTERED))
  AdditionalSettings.cpp
C:\Users\huber\github\VisCanvas2.0\OpenGL_on_a_Windows_Form\OpenGL.h(1329,23): warning C4018: '<': signed/unsigned mismatch
C:\Users\huber\github\VisCanvas2.0\OpenGL_on_a_Windows_Form\OpenGL.h(1392,25): warning C4018: '<': signed/unsigned mismatch
C:\Users\huber\github\VisCanvas2.0\OpenGL_on_a_Windows_Form\OpenGL.h(1457,25): warning C4018: '<': signed/unsigned mismatch
C:\Users\huber\github\VisCanvas2.0\OpenGL_on_a_Windows_Form\OpenGL.h(1480,25): warning C4018: '<': signed/unsigned mismatch
C:\Users\huber\github\VisCanvas2.0\OpenGL_on_a_Windows_Form\OpenGL.h(1606,24): warning C4018: '<': signed/unsigned mismatch
C:\Users\huber\github\VisCanvas2.0\OpenGL_on_a_Windows_Form\OpenGL.h(1824,23): warning C4018: '<': signed/unsigned mismatch
C:\Users\huber\github\VisCanvas2.0\OpenGL_on_a_Windows_Form\OpenGL.h(1834,1): warning C4305: 'argument': truncation from 'double' to 'GLfloat'
C:\Users\huber\github\VisCanvas2.0\OpenGL_on_a_Windows_Form\OpenGL.h(1834,60): warning C4244: 'argument': conversion from 'double' to 'GLfloat', possible loss of data
C:\Users\huber\github\VisCanvas2.0\OpenGL_on_a_Windows_Form\OpenGL.h(1834,43): warning C4244: 'argument': conversion from 'double' to 'GLfloat', possible loss of data
C:\Users\huber\github\VisCanvas2.0\OpenGL_on_a_Windows_Form\OpenGL.h(1834,26): warning C4244: 'argument': conversion from 'double' to 'GLfloat', possible loss of data
C:\Users\huber\github\VisCanvas2.0\OpenGL_on_a_Windows_Form\OpenGL.h(2107,25): warning C4018: '<': signed/unsigned mismatch
C:\Users\huber\github\VisCanvas2.0\OpenGL_on_a_Windows_Form\OpenGL.h(2155,24): warning C4018: '<': signed/unsigned mismatch
C:\Users\huber\github\VisCanvas2.0\OpenGL_on_a_Windows_Form\OpenGL.h(2174,22): warning C4018: '<': signed/unsigned mismatch
C:\Users\huber\github\VisCanvas2.0\OpenGL_on_a_Windows_Form\OpenGL.h(2417,25): warning C4018: '<': signed/unsigned mismatch
C:\Users\huber\github\VisCanvas2.0\OpenGL_on_a_Windows_Form\OpenGL.h(2426,25): warning C4018: '<': signed/unsigned mismatch
C:\Users\huber\github\VisCanvas2.0\OpenGL_on_a_Windows_Form\OpenGL.h(2438,26): warning C4018: '<': signed/unsigned mismatch
C:\Users\huber\github\VisCanvas2.0\OpenGL_on_a_Windows_Form\OpenGL.h(2449,14): warning C4018: '>=': signed/unsigned mismatch
C:\Users\huber\github\VisCanvas2.0\OpenGL_on_a_Windows_Form\OpenGL.h(2595,25): warning C4018: '<': signed/unsigned mismatch
C:\Users\huber\github\VisCanvas2.0\OpenGL_on_a_Windows_Form\OpenGL.h(2618,24): warning C4018: '<': signed/unsigned mismatch
C:\Users\huber\github\VisCanvas2.0\OpenGL_on_a_Windows_Form\OpenGL.h(2627,19): warning C4244: 'argument': conversion from 'double' to 'GLfloat', possible loss of data
C:\Users\huber\github\VisCanvas2.0\OpenGL_on_a_Windows_Form\OpenGL.h(2705,25): warning C4018: '<': signed/unsigned mismatch
C:\Users\huber\github\VisCanvas2.0\OpenGL_on_a_Windows_Form\OpenGL.h(2728,24): warning C4018: '<': signed/unsigned mismatch
C:\Users\huber\github\VisCanvas2.0\OpenGL_on_a_Windows_Form\OpenGL.h(2736,19): warning C4244: 'argument': conversion from 'double' to 'GLfloat', possible loss of data
  DataInterface.cpp
C:\Users\huber\github\VisCanvas2.0\OpenGL_on_a_Windows_Form\OpenGL.h(1329,23): warning C4018: '<': signed/unsigned mismatch
C:\Users\huber\github\VisCanvas2.0\OpenGL_on_a_Windows_Form\OpenGL.h(1392,25): warning C4018: '<': signed/unsigned mismatch
C:\Users\huber\github\VisCanvas2.0\OpenGL_on_a_Windows_Form\OpenGL.h(1457,25): warning C4018: '<': signed/unsigned mismatch
C:\Users\huber\github\VisCanvas2.0\OpenGL_on_a_Windows_Form\OpenGL.h(1480,25): warning C4018: '<': signed/unsigned mismatch
C:\Users\huber\github\VisCanvas2.0\OpenGL_on_a_Windows_Form\OpenGL.h(1606,24): warning C4018: '<': signed/unsigned mismatch
C:\Users\huber\github\VisCanvas2.0\OpenGL_on_a_Windows_Form\OpenGL.h(1824,23): warning C4018: '<': signed/unsigned mismatch
C:\Users\huber\github\VisCanvas2.0\OpenGL_on_a_Windows_Form\OpenGL.h(1834,1): warning C4305: 'argument': truncation from 'double' to 'GLfloat'
C:\Users\huber\github\VisCanvas2.0\OpenGL_on_a_Windows_Form\OpenGL.h(1834,60): warning C4244: 'argument': conversion from 'double' to 'GLfloat', possible loss of data
C:\Users\huber\github\VisCanvas2.0\OpenGL_on_a_Windows_Form\OpenGL.h(1834,43): warning C4244: 'argument': conversion from 'double' to 'GLfloat', possible loss of data
C:\Users\huber\github\VisCanvas2.0\OpenGL_on_a_Windows_Form\OpenGL.h(1834,26): warning C4244: 'argument': conversion from 'double' to 'GLfloat', possible loss of data
C:\Users\huber\github\VisCanvas2.0\OpenGL_on_a_Windows_Form\OpenGL.h(2107,25): warning C4018: '<': signed/unsigned mismatch
C:\Users\huber\github\VisCanvas2.0\OpenGL_on_a_Windows_Form\OpenGL.h(2155,24): warning C4018: '<': signed/unsigned mismatch
C:\Users\huber\github\VisCanvas2.0\OpenGL_on_a_Windows_Form\OpenGL.h(2174,22): warning C4018: '<': signed/unsigned mismatch
C:\Users\huber\github\VisCanvas2.0\OpenGL_on_a_Windows_Form\OpenGL.h(2417,25): warning C4018: '<': signed/unsigned mismatch
C:\Users\huber\github\VisCanvas2.0\OpenGL_on_a_Windows_Form\OpenGL.h(2426,25): warning C4018: '<': signed/unsigned mismatch
C:\Users\huber\github\VisCanvas2.0\OpenGL_on_a_Windows_Form\OpenGL.h(2438,26): warning C4018: '<': signed/unsigned mismatch
C:\Users\huber\github\VisCanvas2.0\OpenGL_on_a_Windows_Form\OpenGL.h(2449,14): warning C4018: '>=': signed/unsigned mismatch
C:\Users\huber\github\VisCanvas2.0\OpenGL_on_a_Windows_Form\OpenGL.h(2595,25): warning C4018: '<': signed/unsigned mismatch
C:\Users\huber\github\VisCanvas2.0\OpenGL_on_a_Windows_Form\OpenGL.h(2618,24): warning C4018: '<': signed/unsigned mismatch
C:\Users\huber\github\VisCanvas2.0\OpenGL_on_a_Windows_Form\OpenGL.h(2627,19): warning C4244: 'argument': conversion from 'double' to 'GLfloat', possible loss of data
C:\Users\huber\github\VisCanvas2.0\OpenGL_on_a_Windows_Form\OpenGL.h(2705,25): warning C4018: '<': signed/unsigned mismatch
C:\Users\huber\github\VisCanvas2.0\OpenGL_on_a_Windows_Form\OpenGL.h(2728,24): warning C4018: '<': signed/unsigned mismatch
C:\Users\huber\github\VisCanvas2.0\OpenGL_on_a_Windows_Form\OpenGL.h(2736,19): warning C4244: 'argument': conversion from 'double' to 'GLfloat', possible loss of data
C:\Users\huber\github\VisCanvas2.0\OpenGL_on_a_Windows_Form\Settings.h(1806,24): warning C4018: '<': signed/unsigned mismatch
C:\Users\huber\github\VisCanvas2.0\OpenGL_on_a_Windows_Form\Settings.h(1841,22): warning C4018: '<': signed/unsigned mismatch
C:\Users\huber\github\VisCanvas2.0\OpenGL_on_a_Windows_Form\Settings.h(1880,22): warning C4018: '<': signed/unsigned mismatch
C:\Users\huber\github\VisCanvas2.0\OpenGL_on_a_Windows_Form\Settings.h(2269,22): warning C4018: '<': signed/unsigned mismatch
C:\Users\huber\github\VisCanvas2.0\OpenGL_on_a_Windows_Form\Subsets.h(232,22): warning C4018: '<': signed/unsigned mismatch
C:\Users\huber\github\VisCanvas2.0\OpenGL_on_a_Windows_Form\Subsets.h(251,23): warning C4018: '<': signed/unsigned mismatch
C:\Users\huber\github\VisCanvas2.0\OpenGL_on_a_Windows_Form\Subsets.h(281,23): warning C4018: '<': signed/unsigned mismatch
C:\Users\huber\github\VisCanvas2.0\OpenGL_on_a_Windows_Form\Subsets.h(296,23): warning C4018: '<': signed/unsigned mismatch
C:\Users\huber\github\VisCanvas2.0\OpenGL_on_a_Windows_Form\NonMonotonicChoice.h(152,22): warning C4018: '<': signed/unsigned mismatch
C:\Users\huber\github\VisCanvas2.0\OpenGL_on_a_Windows_Form\NonMonotonicChoice.h(200,21): warning C4018: '<': signed/unsigned mismatch
C:\Users\huber\github\VisCanvas2.0\OpenGL_on_a_Windows_Form\VisCanvas.h(1798,22): warning C4018: '<': signed/unsigned mismatch
C:\Users\huber\github\VisCanvas2.0\OpenGL_on_a_Windows_Form\VisCanvas.h(1848,22): warning C4018: '<': signed/unsigned mismatch
C:\Users\huber\github\VisCanvas2.0\OpenGL_on_a_Windows_Form\VisCanvas.h(2715,21): warning C4018: '<': signed/unsigned mismatch
C:\Users\huber\github\VisCanvas2.0\OpenGL_on_a_Windows_Form\VisCanvas.h(2727,23): warning C4018: '<': signed/unsigned mismatch
C:\Users\huber\github\VisCanvas2.0\OpenGL_on_a_Windows_Form\VisCanvas.h(2757,24): warning C4018: '<': signed/unsigned mismatch
C:\Users\huber\github\VisCanvas2.0\OpenGL_on_a_Windows_Form\VisCanvas.h(2762,11): warning C4804: '<': unsafe use of type 'bool' in operation
C:\Users\huber\github\VisCanvas2.0\OpenGL_on_a_Windows_Form\VisCanvas.h(2766,16): warning C4804: '>': unsafe use of type 'bool' in operation
C:\Users\huber\github\VisCanvas2.0\OpenGL_on_a_Windows_Form\VisCanvas.h(2780,25): warning C4018: '<': signed/unsigned mismatch
C:\Users\huber\github\VisCanvas2.0\OpenGL_on_a_Windows_Form\VisCanvas.h(2813,24): warning C4018: '<': signed/unsigned mismatch
C:\Users\huber\github\VisCanvas2.0\OpenGL_on_a_Windows_Form\DataInterface.cpp(354,20): warning C4018: '<': signed/unsigned mismatch
C:\Users\huber\github\VisCanvas2.0\OpenGL_on_a_Windows_Form\DataInterface.cpp(424,21): warning C4018: '>=': signed/unsigned mismatch
C:\Users\huber\github\VisCanvas2.0\OpenGL_on_a_Windows_Form\DataInterface.cpp(432,21): warning C4018: '>=': signed/unsigned mismatch
C:\Users\huber\github\VisCanvas2.0\OpenGL_on_a_Windows_Form\DataInterface.cpp(440,21): warning C4018: '>=': signed/unsigned mismatch
C:\Users\huber\github\VisCanvas2.0\OpenGL_on_a_Windows_Form\DataInterface.cpp(448,21): warning C4018: '>=': signed/unsigned mismatch
C:\Users\huber\github\VisCanvas2.0\OpenGL_on_a_Windows_Form\DataInterface.cpp(456,21): warning C4018: '>=': signed/unsigned mismatch
C:\Users\huber\github\VisCanvas2.0\OpenGL_on_a_Windows_Form\DataInterface.cpp(472,21): warning C4018: '>=': signed/unsigned mismatch
C:\Users\huber\github\VisCanvas2.0\OpenGL_on_a_Windows_Form\DataInterface.cpp(479,21): warning C4018: '>=': signed/unsigned mismatch
C:\Users\huber\github\VisCanvas2.0\OpenGL_on_a_Windows_Form\DataInterface.cpp(502,20): warning C4018: '<': signed/unsigned mismatch
C:\Users\huber\github\VisCanvas2.0\OpenGL_on_a_Windows_Form\DataInterface.cpp(520,17): warning C4018: '>=': signed/unsigned mismatch
C:\Users\huber\github\VisCanvas2.0\OpenGL_on_a_Windows_Form\DataInterface.cpp(529,25): warning C4018: '<=': signed/unsigned mismatch
C:\Users\huber\github\VisCanvas2.0\OpenGL_on_a_Windows_Form\DataInterface.cpp(578,35): warning C4018: '>=': signed/unsigned mismatch
C:\Users\huber\github\VisCanvas2.0\OpenGL_on_a_Windows_Form\DataInterface.cpp(588,35): warning C4018: '>=': signed/unsigned mismatch
C:\Users\huber\github\VisCanvas2.0\OpenGL_on_a_Windows_Form\DataInterface.cpp(772,20): warning C4018: '<': signed/unsigned mismatch
C:\Users\huber\github\VisCanvas2.0\OpenGL_on_a_Windows_Form\DataInterface.cpp(778,20): warning C4018: '<': signed/unsigned mismatch
C:\Users\huber\github\VisCanvas2.0\OpenGL_on_a_Windows_Form\DataInterface.cpp(795,20): warning C4018: '<': signed/unsigned mismatch
C:\Users\huber\github\VisCanvas2.0\OpenGL_on_a_Windows_Form\DataInterface.cpp(801,20): warning C4018: '<': signed/unsigned mismatch
C:\Users\huber\github\VisCanvas2.0\OpenGL_on_a_Windows_Form\DataInterface.cpp(815,20): warning C4018: '<': signed/unsigned mismatch
C:\Users\huber\github\VisCanvas2.0\OpenGL_on_a_Windows_Form\DataInterface.cpp(821,20): warning C4018: '<': signed/unsigned mismatch
C:\Users\huber\github\VisCanvas2.0\OpenGL_on_a_Windows_Form\DataInterface.cpp(842,29): warning C4018: '<': signed/unsigned mismatch
C:\Users\huber\github\VisCanvas2.0\OpenGL_on_a_Windows_Form\DataInterface.cpp(858,29): warning C4018: '<': signed/unsigned mismatch
C:\Users\huber\github\VisCanvas2.0\OpenGL_on_a_Windows_Form\DataInterface.cpp(877,29): warning C4018: '<': signed/unsigned mismatch
C:\Users\huber\github\VisCanvas2.0\OpenGL_on_a_Windows_Form\DataInterface.cpp(894,29): warning C4018: '<': signed/unsigned mismatch
C:\Users\huber\github\VisCanvas2.0\OpenGL_on_a_Windows_Form\DataInterface.cpp(901,29): warning C4018: '<': signed/unsigned mismatch
C:\Users\huber\github\VisCanvas2.0\OpenGL_on_a_Windows_Form\DataInterface.cpp(1051,20): warning C4018: '<': signed/unsigned mismatch
C:\Users\huber\github\VisCanvas2.0\OpenGL_on_a_Windows_Form\DataInterface.cpp(1118,20): warning C4018: '<': signed/unsigned mismatch
C:\Users\huber\github\VisCanvas2.0\OpenGL_on_a_Windows_Form\DataInterface.cpp(1230,30): warning C4018: '>=': signed/unsigned mismatch
C:\Users\huber\github\VisCanvas2.0\OpenGL_on_a_Windows_Form\DataInterface.cpp(1575,20): warning C4018: '<': signed/unsigned mismatch
C:\Users\huber\github\VisCanvas2.0\OpenGL_on_a_Windows_Form\DataInterface.cpp(1594,20): warning C4018: '<': signed/unsigned mismatch
C:\Users\huber\github\VisCanvas2.0\OpenGL_on_a_Windows_Form\DataInterface.cpp(1598,21): warning C4018: '<': signed/unsigned mismatch
C:\Users\huber\github\VisCanvas2.0\OpenGL_on_a_Windows_Form\DataInterface.cpp(1610,20): warning C4018: '<': signed/unsigned mismatch
C:\Users\huber\github\VisCanvas2.0\OpenGL_on_a_Windows_Form\DataInterface.cpp(1650,29): warning C4018: '<': signed/unsigned mismatch
C:\Users\huber\github\VisCanvas2.0\OpenGL_on_a_Windows_Form\DataInterface.cpp(1693,29): warning C4018: '<': signed/unsigned mismatch
C:\Users\huber\github\VisCanvas2.0\OpenGL_on_a_Windows_Form\DataInterface.cpp(1725,22): warning C4018: '<': signed/unsigned mismatch
C:\Users\huber\github\VisCanvas2.0\OpenGL_on_a_Windows_Form\DataInterface.cpp(1736,28): warning C4018: '<': signed/unsigned mismatch
C:\Users\huber\github\VisCanvas2.0\OpenGL_on_a_Windows_Form\DataInterface.cpp(1774,20): warning C4018: '<': signed/unsigned mismatch
C:\Users\huber\github\VisCanvas2.0\OpenGL_on_a_Windows_Form\DataInterface.cpp(1788,14): warning C4018: '<': signed/unsigned mismatch
C:\Users\huber\github\VisCanvas2.0\OpenGL_on_a_Windows_Form\DataInterface.cpp(1810,14): warning C4018: '<': signed/unsigned mismatch
C:\Users\huber\github\VisCanvas2.0\OpenGL_on_a_Windows_Form\DataInterface.cpp(1832,14): warning C4018: '<': signed/unsigned mismatch
C:\Users\huber\github\VisCanvas2.0\OpenGL_on_a_Windows_Form\DataInterface.cpp(1849,20): warning C4018: '<': signed/unsigned mismatch
C:\Users\huber\github\VisCanvas2.0\OpenGL_on_a_Windows_Form\DataInterface.cpp(1865,20): warning C4018: '<': signed/unsigned mismatch
C:\Users\huber\github\VisCanvas2.0\OpenGL_on_a_Windows_Form\DataInterface.cpp(1881,21): warning C4018: '<': signed/unsigned mismatch
C:\Users\huber\github\VisCanvas2.0\OpenGL_on_a_Windows_Form\DataInterface.cpp(1996,21): warning C4018: '<': signed/unsigned mismatch
C:\Users\huber\github\VisCanvas2.0\OpenGL_on_a_Windows_Form\DataInterface.cpp(2041,22): warning C4018: '<': signed/unsigned mismatch
C:\Users\huber\github\VisCanvas2.0\OpenGL_on_a_Windows_Form\DataInterface.cpp(2059,23): warning C4018: '<': signed/unsigned mismatch
C:\Users\huber\github\VisCanvas2.0\OpenGL_on_a_Windows_Form\DataInterface.cpp(2105,21): warning C4018: '<': signed/unsigned mismatch
C:\Users\huber\github\VisCanvas2.0\OpenGL_on_a_Windows_Form\DataInterface.cpp(2172,22): warning C4018: '<': signed/unsigned mismatch
C:\Users\huber\github\VisCanvas2.0\OpenGL_on_a_Windows_Form\DataInterface.cpp(2202,21): warning C4018: '<': signed/unsigned mismatch
C:\Users\huber\github\VisCanvas2.0\OpenGL_on_a_Windows_Form\DataInterface.cpp(2250,22): warning C4018: '<': signed/unsigned mismatch
C:\Users\huber\github\VisCanvas2.0\OpenGL_on_a_Windows_Form\DataInterface.cpp(2274,20): warning C4018: '<': signed/unsigned mismatch
C:\Users\huber\github\VisCanvas2.0\OpenGL_on_a_Windows_Form\DataInterface.cpp(2285,21): warning C4018: '<': signed/unsigned mismatch
C:\Users\huber\github\VisCanvas2.0\OpenGL_on_a_Windows_Form\DataInterface.cpp(2287,22): warning C4018: '<': signed/unsigned mismatch
C:\Users\huber\github\VisCanvas2.0\OpenGL_on_a_Windows_Form\DataInterface.cpp(2305,20): warning C4018: '<': signed/unsigned mismatch
C:\Users\huber\github\VisCanvas2.0\OpenGL_on_a_Windows_Form\DataInterface.cpp(2316,20): warning C4018: '<': signed/unsigned mismatch
C:\Users\huber\github\VisCanvas2.0\OpenGL_on_a_Windows_Form\DataInterface.cpp(2326,20): warning C4018: '<': signed/unsigned mismatch
C:\Users\huber\github\VisCanvas2.0\OpenGL_on_a_Windows_Form\DataInterface.cpp(2376,22): warning C4018: '<': signed/unsigned mismatch
C:\Users\huber\github\VisCanvas2.0\OpenGL_on_a_Windows_Form\DataInterface.cpp(2391,24): warning C4018: '<': signed/unsigned mismatch
C:\Users\huber\github\VisCanvas2.0\OpenGL_on_a_Windows_Form\DataInterface.cpp(2403,22): warning C4018: '<': signed/unsigned mismatch
C:\Users\huber\github\VisCanvas2.0\OpenGL_on_a_Windows_Form\DataInterface.cpp(2418,24): warning C4018: '<': signed/unsigned mismatch
C:\Users\huber\github\VisCanvas2.0\OpenGL_on_a_Windows_Form\DataInterface.cpp(2435,21): warning C4018: '<': signed/unsigned mismatch
C:\Users\huber\github\VisCanvas2.0\OpenGL_on_a_Windows_Form\DataInterface.cpp(2451,23): warning C4018: '<': signed/unsigned mismatch
C:\Users\huber\github\VisCanvas2.0\OpenGL_on_a_Windows_Form\DataInterface.cpp(2463,21): warning C4018: '<': signed/unsigned mismatch
C:\Users\huber\github\VisCanvas2.0\OpenGL_on_a_Windows_Form\DataInterface.cpp(2478,23): warning C4018: '<': signed/unsigned mismatch
C:\Users\huber\github\VisCanvas2.0\OpenGL_on_a_Windows_Form\DataInterface.cpp(2495,21): warning C4018: '<': signed/unsigned mismatch
C:\Users\huber\github\VisCanvas2.0\OpenGL_on_a_Windows_Form\DataInterface.cpp(2501,22): warning C4018: '<': signed/unsigned mismatch
C:\Users\huber\github\VisCanvas2.0\OpenGL_on_a_Windows_Form\DataInterface.cpp(2503,23): warning C4018: '<': signed/unsigned mismatch
C:\Users\huber\github\VisCanvas2.0\OpenGL_on_a_Windows_Form\DataInterface.cpp(2530,23): warning C4018: '<': signed/unsigned mismatch
C:\Users\huber\github\VisCanvas2.0\OpenGL_on_a_Windows_Form\DataInterface.cpp(2542,21): warning C4018: '<': signed/unsigned mismatch
C:\Users\huber\github\VisCanvas2.0\OpenGL_on_a_Windows_Form\DataInterface.cpp(2548,22): warning C4018: '<': signed/unsigned mismatch
C:\Users\huber\github\VisCanvas2.0\OpenGL_on_a_Windows_Form\DataInterface.cpp(2550,23): warning C4018: '<': signed/unsigned mismatch
C:\Users\huber\github\VisCanvas2.0\OpenGL_on_a_Windows_Form\DataInterface.cpp(2578,23): warning C4018: '<': signed/unsigned mismatch
C:\Users\huber\github\VisCanvas2.0\OpenGL_on_a_Windows_Form\DataInterface.cpp(2595,21): warning C4018: '<': signed/unsigned mismatch
C:\Users\huber\github\VisCanvas2.0\OpenGL_on_a_Windows_Form\DataInterface.cpp(2622,23): warning C4018: '<': signed/unsigned mismatch
C:\Users\huber\github\VisCanvas2.0\OpenGL_on_a_Windows_Form\DataInterface.cpp(2634,21): warning C4018: '<': signed/unsigned mismatch
C:\Users\huber\github\VisCanvas2.0\OpenGL_on_a_Windows_Form\DataInterface.cpp(2649,23): warning C4018: '<': signed/unsigned mismatch
C:\Users\huber\github\VisCanvas2.0\OpenGL_on_a_Windows_Form\DataInterface.cpp(2668,20): warning C4018: '<': signed/unsigned mismatch
C:\Users\huber\github\VisCanvas2.0\OpenGL_on_a_Windows_Form\DataInterface.cpp(2675,21): warning C4018: '<': signed/unsigned mismatch
C:\Users\huber\github\VisCanvas2.0\OpenGL_on_a_Windows_Form\DataInterface.cpp(2701,22): warning C4018: '<': signed/unsigned mismatch
C:\Users\huber\github\VisCanvas2.0\OpenGL_on_a_Windows_Form\DataInterface.cpp(2714,23): warning C4018: '<': signed/unsigned mismatch
C:\Users\huber\github\VisCanvas2.0\OpenGL_on_a_Windows_Form\DataInterface.cpp(2744,20): warning C4018: '<': signed/unsigned mismatch
C:\Users\huber\github\VisCanvas2.0\OpenGL_on_a_Windows_Form\DataInterface.cpp(2751,21): warning C4018: '<': signed/unsigned mismatch
C:\Users\huber\github\VisCanvas2.0\OpenGL_on_a_Windows_Form\DataInterface.cpp(2777,22): warning C4018: '<': signed/unsigned mismatch
C:\Users\huber\github\VisCanvas2.0\OpenGL_on_a_Windows_Form\DataInterface.cpp(2790,23): warning C4018: '<': signed/unsigned mismatch
C:\Users\huber\github\VisCanvas2.0\OpenGL_on_a_Windows_Form\DataInterface.cpp(2879,21): warning C4018: '<': signed/unsigned mismatch
C:\Users\huber\github\VisCanvas2.0\OpenGL_on_a_Windows_Form\DataInterface.cpp(2893,23): warning C4018: '<': signed/unsigned mismatch
C:\Users\huber\github\VisCanvas2.0\OpenGL_on_a_Windows_Form\DataInterface.cpp(2904,20): warning C4018: '<': signed/unsigned mismatch
C:\Users\huber\github\VisCanvas2.0\OpenGL_on_a_Windows_Form\DataInterface.cpp(2914,20): warning C4018: '<': signed/unsigned mismatch
C:\Users\huber\github\VisCanvas2.0\OpenGL_on_a_Windows_Form\DataInterface.cpp(2916,21): warning C4018: '<': signed/unsigned mismatch
C:\Users\huber\github\VisCanvas2.0\OpenGL_on_a_Windows_Form\DataInterface.cpp(3012,20): warning C4018: '<': signed/unsigned mismatch
C:\Users\huber\github\VisCanvas2.0\OpenGL_on_a_Windows_Form\DataInterface.cpp(3026,40): warning C4018: '<': signed/unsigned mismatch
C:\Users\huber\github\VisCanvas2.0\OpenGL_on_a_Windows_Form\DataInterface.cpp(3036,40): warning C4018: '<': signed/unsigned mismatch
C:\Users\huber\github\VisCanvas2.0\OpenGL_on_a_Windows_Form\DataInterface.cpp(3074,20): warning C4018: '<': signed/unsigned mismatch
C:\Users\huber\github\VisCanvas2.0\OpenGL_on_a_Windows_Form\DataInterface.cpp(3087,21): warning C4018: '<': signed/unsigned mismatch
C:\Users\huber\github\VisCanvas2.0\OpenGL_on_a_Windows_Form\DataInterface.cpp(3108,20): warning C4018: '<': signed/unsigned mismatch
C:\Users\huber\github\VisCanvas2.0\OpenGL_on_a_Windows_Form\DataInterface.cpp(3117,48): warning C4018: '<': signed/unsigned mismatch
C:\Users\huber\github\VisCanvas2.0\OpenGL_on_a_Windows_Form\DataInterface.cpp(3154,26): warning C4018: '>=': signed/unsigned mismatch
C:\Users\huber\github\VisCanvas2.0\OpenGL_on_a_Windows_Form\DataInterface.cpp(3251,20): warning C4018: '<': signed/unsigned mismatch
C:\Users\huber\github\VisCanvas2.0\OpenGL_on_a_Windows_Form\DataInterface.cpp(3253,21): warning C4018: '<': signed/unsigned mismatch
C:\Users\huber\github\VisCanvas2.0\OpenGL_on_a_Windows_Form\DataInterface.cpp(3430,20): warning C4018: '<': signed/unsigned mismatch
C:\Users\huber\github\VisCanvas2.0\OpenGL_on_a_Windows_Form\DataInterface.cpp(3442,20): warning C4018: '<': signed/unsigned mismatch
C:\Users\huber\github\VisCanvas2.0\OpenGL_on_a_Windows_Form\DataInterface.cpp(3477,20): warning C4018: '<': signed/unsigned mismatch
C:\Users\huber\github\VisCanvas2.0\OpenGL_on_a_Windows_Form\DataInterface.cpp(3491,20): warning C4018: '<': signed/unsigned mismatch
C:\Users\huber\github\VisCanvas2.0\OpenGL_on_a_Windows_Form\DataInterface.cpp(3530,20): warning C4018: '<': signed/unsigned mismatch
C:\Users\huber\github\VisCanvas2.0\OpenGL_on_a_Windows_Form\DataInterface.cpp(3538,21): warning C4018: '<': signed/unsigned mismatch
C:\Users\huber\github\VisCanvas2.0\OpenGL_on_a_Windows_Form\DataInterface.cpp(3548,22): warning C4018: '<': signed/unsigned mismatch
C:\Users\huber\github\VisCanvas2.0\OpenGL_on_a_Windows_Form\DataInterface.cpp(3662,23): warning C4018: '<': signed/unsigned mismatch
C:\Users\huber\github\VisCanvas2.0\OpenGL_on_a_Windows_Form\DataInterface.cpp(3736,24): warning C4018: '<': signed/unsigned mismatch
C:\Users\huber\github\VisCanvas2.0\OpenGL_on_a_Windows_Form\DataInterface.cpp(4012,21): warning C4018: '<': signed/unsigned mismatch
C:\Users\huber\github\VisCanvas2.0\OpenGL_on_a_Windows_Form\DataInterface.cpp(4026,20): warning C4018: '<': signed/unsigned mismatch
C:\Users\huber\github\VisCanvas2.0\OpenGL_on_a_Windows_Form\DataInterface.cpp(4036,20): warning C4018: '<': signed/unsigned mismatch
  OpenGL.cpp
C:\Users\huber\github\VisCanvas2.0\OpenGL_on_a_Windows_Form\LoadingScreen.h(24,22): warning C4996: 'localtime': This function or variable may be unsafe. Consider using localtime_s instead. To disable deprecation, use _CRT_SECURE_NO_WARNINGS. See online help for details.
C:\Users\huber\github\VisCanvas2.0\OpenGL_on_a_Windows_Form\LoadingScreen.h(113,20): warning C4996: 'localtime': This function or variable may be unsafe. Consider using localtime_s instead. To disable deprecation, use _CRT_SECURE_NO_WARNINGS. See online help for details.
C:\Users\huber\github\VisCanvas2.0\OpenGL_on_a_Windows_Form\OpenGL.h(1329,23): warning C4018: '<': signed/unsigned mismatch
C:\Users\huber\github\VisCanvas2.0\OpenGL_on_a_Windows_Form\OpenGL.h(1392,25): warning C4018: '<': signed/unsigned mismatch
C:\Users\huber\github\VisCanvas2.0\OpenGL_on_a_Windows_Form\OpenGL.h(1457,25): warning C4018: '<': signed/unsigned mismatch
C:\Users\huber\github\VisCanvas2.0\OpenGL_on_a_Windows_Form\OpenGL.h(1480,25): warning C4018: '<': signed/unsigned mismatch
C:\Users\huber\github\VisCanvas2.0\OpenGL_on_a_Windows_Form\OpenGL.h(1606,24): warning C4018: '<': signed/unsigned mismatch
C:\Users\huber\github\VisCanvas2.0\OpenGL_on_a_Windows_Form\OpenGL.h(1824,23): warning C4018: '<': signed/unsigned mismatch
C:\Users\huber\github\VisCanvas2.0\OpenGL_on_a_Windows_Form\OpenGL.h(1834,1): warning C4305: 'argument': truncation from 'double' to 'GLfloat'
C:\Users\huber\github\VisCanvas2.0\OpenGL_on_a_Windows_Form\OpenGL.h(1834,60): warning C4244: 'argument': conversion from 'double' to 'GLfloat', possible loss of data
C:\Users\huber\github\VisCanvas2.0\OpenGL_on_a_Windows_Form\OpenGL.h(1834,43): warning C4244: 'argument': conversion from 'double' to 'GLfloat', possible loss of data
C:\Users\huber\github\VisCanvas2.0\OpenGL_on_a_Windows_Form\OpenGL.h(1834,26): warning C4244: 'argument': conversion from 'double' to 'GLfloat', possible loss of data
C:\Users\huber\github\VisCanvas2.0\OpenGL_on_a_Windows_Form\OpenGL.h(2107,25): warning C4018: '<': signed/unsigned mismatch
C:\Users\huber\github\VisCanvas2.0\OpenGL_on_a_Windows_Form\OpenGL.h(2155,24): warning C4018: '<': signed/unsigned mismatch
C:\Users\huber\github\VisCanvas2.0\OpenGL_on_a_Windows_Form\OpenGL.h(2174,22): warning C4018: '<': signed/unsigned mismatch
C:\Users\huber\github\VisCanvas2.0\OpenGL_on_a_Windows_Form\OpenGL.h(2417,25): warning C4018: '<': signed/unsigned mismatch
C:\Users\huber\github\VisCanvas2.0\OpenGL_on_a_Windows_Form\OpenGL.h(2426,25): warning C4018: '<': signed/unsigned mismatch
C:\Users\huber\github\VisCanvas2.0\OpenGL_on_a_Windows_Form\OpenGL.h(2438,26): warning C4018: '<': signed/unsigned mismatch
C:\Users\huber\github\VisCanvas2.0\OpenGL_on_a_Windows_Form\OpenGL.h(2449,14): warning C4018: '>=': signed/unsigned mismatch
C:\Users\huber\github\VisCanvas2.0\OpenGL_on_a_Windows_Form\OpenGL.h(2595,25): warning C4018: '<': signed/unsigned mismatch
C:\Users\huber\github\VisCanvas2.0\OpenGL_on_a_Windows_Form\OpenGL.h(2618,24): warning C4018: '<': signed/unsigned mismatch
C:\Users\huber\github\VisCanvas2.0\OpenGL_on_a_Windows_Form\OpenGL.h(2627,19): warning C4244: 'argument': conversion from 'double' to 'GLfloat', possible loss of data
C:\Users\huber\github\VisCanvas2.0\OpenGL_on_a_Windows_Form\OpenGL.h(2705,25): warning C4018: '<': signed/unsigned mismatch
C:\Users\huber\github\VisCanvas2.0\OpenGL_on_a_Windows_Form\OpenGL.h(2728,24): warning C4018: '<': signed/unsigned mismatch
C:\Users\huber\github\VisCanvas2.0\OpenGL_on_a_Windows_Form\OpenGL.h(2736,19): warning C4244: 'argument': conversion from 'double' to 'GLfloat', possible loss of data
C:\Users\huber\github\VisCanvas2.0\OpenGL_on_a_Windows_Form\OpenGL.cpp(88,20): warning C4018: '<': signed/unsigned mismatch
C:\Users\huber\github\VisCanvas2.0\OpenGL_on_a_Windows_Form\OpenGL.cpp(99,20): warning C4018: '<': signed/unsigned mismatch
C:\Users\huber\github\VisCanvas2.0\OpenGL_on_a_Windows_Form\OpenGL.cpp(108,20): warning C4018: '<': signed/unsigned mismatch
  Settings.cpp
C:\Users\huber\github\VisCanvas2.0\OpenGL_on_a_Windows_Form\OpenGL.h(1329,23): warning C4018: '<': signed/unsigned mismatch
C:\Users\huber\github\VisCanvas2.0\OpenGL_on_a_Windows_Form\OpenGL.h(1392,25): warning C4018: '<': signed/unsigned mismatch
C:\Users\huber\github\VisCanvas2.0\OpenGL_on_a_Windows_Form\OpenGL.h(1457,25): warning C4018: '<': signed/unsigned mismatch
C:\Users\huber\github\VisCanvas2.0\OpenGL_on_a_Windows_Form\OpenGL.h(1480,25): warning C4018: '<': signed/unsigned mismatch
C:\Users\huber\github\VisCanvas2.0\OpenGL_on_a_Windows_Form\OpenGL.h(1606,24): warning C4018: '<': signed/unsigned mismatch
C:\Users\huber\github\VisCanvas2.0\OpenGL_on_a_Windows_Form\OpenGL.h(1824,23): warning C4018: '<': signed/unsigned mismatch
C:\Users\huber\github\VisCanvas2.0\OpenGL_on_a_Windows_Form\OpenGL.h(1834,1): warning C4305: 'argument': truncation from 'double' to 'GLfloat'
C:\Users\huber\github\VisCanvas2.0\OpenGL_on_a_Windows_Form\OpenGL.h(1834,60): warning C4244: 'argument': conversion from 'double' to 'GLfloat', possible loss of data
C:\Users\huber\github\VisCanvas2.0\OpenGL_on_a_Windows_Form\OpenGL.h(1834,43): warning C4244: 'argument': conversion from 'double' to 'GLfloat', possible loss of data
C:\Users\huber\github\VisCanvas2.0\OpenGL_on_a_Windows_Form\OpenGL.h(1834,26): warning C4244: 'argument': conversion from 'double' to 'GLfloat', possible loss of data
C:\Users\huber\github\VisCanvas2.0\OpenGL_on_a_Windows_Form\OpenGL.h(2107,25): warning C4018: '<': signed/unsigned mismatch
C:\Users\huber\github\VisCanvas2.0\OpenGL_on_a_Windows_Form\OpenGL.h(2155,24): warning C4018: '<': signed/unsigned mismatch
C:\Users\huber\github\VisCanvas2.0\OpenGL_on_a_Windows_Form\OpenGL.h(2174,22): warning C4018: '<': signed/unsigned mismatch
C:\Users\huber\github\VisCanvas2.0\OpenGL_on_a_Windows_Form\OpenGL.h(2417,25): warning C4018: '<': signed/unsigned mismatch
C:\Users\huber\github\VisCanvas2.0\OpenGL_on_a_Windows_Form\OpenGL.h(2426,25): warning C4018: '<': signed/unsigned mismatch
C:\Users\huber\github\VisCanvas2.0\OpenGL_on_a_Windows_Form\OpenGL.h(2438,26): warning C4018: '<': signed/unsigned mismatch
C:\Users\huber\github\VisCanvas2.0\OpenGL_on_a_Windows_Form\OpenGL.h(2449,14): warning C4018: '>=': signed/unsigned mismatch
C:\Users\huber\github\VisCanvas2.0\OpenGL_on_a_Windows_Form\OpenGL.h(2595,25): warning C4018: '<': signed/unsigned mismatch
C:\Users\huber\github\VisCanvas2.0\OpenGL_on_a_Windows_Form\OpenGL.h(2618,24): warning C4018: '<': signed/unsigned mismatch
C:\Users\huber\github\VisCanvas2.0\OpenGL_on_a_Windows_Form\OpenGL.h(2627,19): warning C4244: 'argument': conversion from 'double' to 'GLfloat', possible loss of data
C:\Users\huber\github\VisCanvas2.0\OpenGL_on_a_Windows_Form\OpenGL.h(2705,25): warning C4018: '<': signed/unsigned mismatch
C:\Users\huber\github\VisCanvas2.0\OpenGL_on_a_Windows_Form\OpenGL.h(2728,24): warning C4018: '<': signed/unsigned mismatch
C:\Users\huber\github\VisCanvas2.0\OpenGL_on_a_Windows_Form\OpenGL.h(2736,19): warning C4244: 'argument': conversion from 'double' to 'GLfloat', possible loss of data
C:\Users\huber\github\VisCanvas2.0\OpenGL_on_a_Windows_Form\Settings.h(1806,24): warning C4018: '<': signed/unsigned mismatch
C:\Users\huber\github\VisCanvas2.0\OpenGL_on_a_Windows_Form\Settings.h(1841,22): warning C4018: '<': signed/unsigned mismatch
C:\Users\huber\github\VisCanvas2.0\OpenGL_on_a_Windows_Form\Settings.h(1880,22): warning C4018: '<': signed/unsigned mismatch
C:\Users\huber\github\VisCanvas2.0\OpenGL_on_a_Windows_Form\Settings.h(2269,22): warning C4018: '<': signed/unsigned mismatch
  VisCanvas.cpp
C:\Users\huber\github\VisCanvas2.0\OpenGL_on_a_Windows_Form\OpenGL.h(1329,23): warning C4018: '<': signed/unsigned mismatch
C:\Users\huber\github\VisCanvas2.0\OpenGL_on_a_Windows_Form\OpenGL.h(1392,25): warning C4018: '<': signed/unsigned mismatch
C:\Users\huber\github\VisCanvas2.0\OpenGL_on_a_Windows_Form\OpenGL.h(1457,25): warning C4018: '<': signed/unsigned mismatch
C:\Users\huber\github\VisCanvas2.0\OpenGL_on_a_Windows_Form\OpenGL.h(1480,25): warning C4018: '<': signed/unsigned mismatch
C:\Users\huber\github\VisCanvas2.0\OpenGL_on_a_Windows_Form\OpenGL.h(1606,24): warning C4018: '<': signed/unsigned mismatch
C:\Users\huber\github\VisCanvas2.0\OpenGL_on_a_Windows_Form\OpenGL.h(1824,23): warning C4018: '<': signed/unsigned mismatch
C:\Users\huber\github\VisCanvas2.0\OpenGL_on_a_Windows_Form\OpenGL.h(1834,1): warning C4305: 'argument': truncation from 'double' to 'GLfloat'
C:\Users\huber\github\VisCanvas2.0\OpenGL_on_a_Windows_Form\OpenGL.h(1834,60): warning C4244: 'argument': conversion from 'double' to 'GLfloat', possible loss of data
C:\Users\huber\github\VisCanvas2.0\OpenGL_on_a_Windows_Form\OpenGL.h(1834,43): warning C4244: 'argument': conversion from 'double' to 'GLfloat', possible loss of data
C:\Users\huber\github\VisCanvas2.0\OpenGL_on_a_Windows_Form\OpenGL.h(1834,26): warning C4244: 'argument': conversion from 'double' to 'GLfloat', possible loss of data
C:\Users\huber\github\VisCanvas2.0\OpenGL_on_a_Windows_Form\OpenGL.h(2107,25): warning C4018: '<': signed/unsigned mismatch
C:\Users\huber\github\VisCanvas2.0\OpenGL_on_a_Windows_Form\OpenGL.h(2155,24): warning C4018: '<': signed/unsigned mismatch
C:\Users\huber\github\VisCanvas2.0\OpenGL_on_a_Windows_Form\OpenGL.h(2174,22): warning C4018: '<': signed/unsigned mismatch
C:\Users\huber\github\VisCanvas2.0\OpenGL_on_a_Windows_Form\OpenGL.h(2417,25): warning C4018: '<': signed/unsigned mismatch
C:\Users\huber\github\VisCanvas2.0\OpenGL_on_a_Windows_Form\OpenGL.h(2426,25): warning C4018: '<': signed/unsigned mismatch
C:\Users\huber\github\VisCanvas2.0\OpenGL_on_a_Windows_Form\OpenGL.h(2438,26): warning C4018: '<': signed/unsigned mismatch
C:\Users\huber\github\VisCanvas2.0\OpenGL_on_a_Windows_Form\OpenGL.h(2449,14): warning C4018: '>=': signed/unsigned mismatch
C:\Users\huber\github\VisCanvas2.0\OpenGL_on_a_Windows_Form\OpenGL.h(2595,25): warning C4018: '<': signed/unsigned mismatch
C:\Users\huber\github\VisCanvas2.0\OpenGL_on_a_Windows_Form\OpenGL.h(2618,24): warning C4018: '<': signed/unsigned mismatch
C:\Users\huber\github\VisCanvas2.0\OpenGL_on_a_Windows_Form\OpenGL.h(2627,19): warning C4244: 'argument': conversion from 'double' to 'GLfloat', possible loss of data
C:\Users\huber\github\VisCanvas2.0\OpenGL_on_a_Windows_Form\OpenGL.h(2705,25): warning C4018: '<': signed/unsigned mismatch
C:\Users\huber\github\VisCanvas2.0\OpenGL_on_a_Windows_Form\OpenGL.h(2728,24): warning C4018: '<': signed/unsigned mismatch
C:\Users\huber\github\VisCanvas2.0\OpenGL_on_a_Windows_Form\OpenGL.h(2736,19): warning C4244: 'argument': conversion from 'double' to 'GLfloat', possible loss of data
C:\Users\huber\github\VisCanvas2.0\OpenGL_on_a_Windows_Form\Settings.h(1806,24): warning C4018: '<': signed/unsigned mismatch
C:\Users\huber\github\VisCanvas2.0\OpenGL_on_a_Windows_Form\Settings.h(1841,22): warning C4018: '<': signed/unsigned mismatch
C:\Users\huber\github\VisCanvas2.0\OpenGL_on_a_Windows_Form\Settings.h(1880,22): warning C4018: '<': signed/unsigned mismatch
C:\Users\huber\github\VisCanvas2.0\OpenGL_on_a_Windows_Form\Settings.h(2269,22): warning C4018: '<': signed/unsigned mismatch
C:\Users\huber\github\VisCanvas2.0\OpenGL_on_a_Windows_Form\Subsets.h(232,22): warning C4018: '<': signed/unsigned mismatch
C:\Users\huber\github\VisCanvas2.0\OpenGL_on_a_Windows_Form\Subsets.h(251,23): warning C4018: '<': signed/unsigned mismatch
C:\Users\huber\github\VisCanvas2.0\OpenGL_on_a_Windows_Form\Subsets.h(281,23): warning C4018: '<': signed/unsigned mismatch
C:\Users\huber\github\VisCanvas2.0\OpenGL_on_a_Windows_Form\Subsets.h(296,23): warning C4018: '<': signed/unsigned mismatch
C:\Users\huber\github\VisCanvas2.0\OpenGL_on_a_Windows_Form\NonMonotonicChoice.h(152,22): warning C4018: '<': signed/unsigned mismatch
C:\Users\huber\github\VisCanvas2.0\OpenGL_on_a_Windows_Form\NonMonotonicChoice.h(200,21): warning C4018: '<': signed/unsigned mismatch
C:\Users\huber\github\VisCanvas2.0\OpenGL_on_a_Windows_Form\VisCanvas.h(1798,22): warning C4018: '<': signed/unsigned mismatch
C:\Users\huber\github\VisCanvas2.0\OpenGL_on_a_Windows_Form\VisCanvas.h(1848,22): warning C4018: '<': signed/unsigned mismatch
C:\Users\huber\github\VisCanvas2.0\OpenGL_on_a_Windows_Form\VisCanvas.h(2715,21): warning C4018: '<': signed/unsigned mismatch
C:\Users\huber\github\VisCanvas2.0\OpenGL_on_a_Windows_Form\VisCanvas.h(2727,23): warning C4018: '<': signed/unsigned mismatch
C:\Users\huber\github\VisCanvas2.0\OpenGL_on_a_Windows_Form\VisCanvas.h(2757,24): warning C4018: '<': signed/unsigned mismatch
C:\Users\huber\github\VisCanvas2.0\OpenGL_on_a_Windows_Form\VisCanvas.h(2762,11): warning C4804: '<': unsafe use of type 'bool' in operation
C:\Users\huber\github\VisCanvas2.0\OpenGL_on_a_Windows_Form\VisCanvas.h(2766,16): warning C4804: '>': unsafe use of type 'bool' in operation
C:\Users\huber\github\VisCanvas2.0\OpenGL_on_a_Windows_Form\VisCanvas.h(2780,25): warning C4018: '<': signed/unsigned mismatch
C:\Users\huber\github\VisCanvas2.0\OpenGL_on_a_Windows_Form\VisCanvas.h(2813,24): warning C4018: '<': signed/unsigned mismatch
  Generating Code...
C:\Users\huber\github\VisCanvas2.0\OpenGL_on_a_Windows_Form\OpenGL.h(127): warning C4715: 'OpenGLForm::COpenGL::SetFilePath': not all control paths return a value
C:\Users\huber\github\VisCanvas2.0\OpenGL_on_a_Windows_Form\VisCanvas.h(2780): warning C4700: uninitialized local variable 'editedAttributes' used
C:\Users\huber\github\VisCanvas2.0\OpenGL_on_a_Windows_Form\OpenGL.h(127): warning C4715: 'OpenGLForm::COpenGL::SetFilePath': not all control paths return a value
C:\Users\huber\github\VisCanvas2.0\OpenGL_on_a_Windows_Form\OpenGL.h(127): warning C4715: 'OpenGLForm::COpenGL::SetFilePath': not all control paths return a value
C:\Users\huber\github\VisCanvas2.0\OpenGL_on_a_Windows_Form\DataInterface.cpp(652): warning C4172: returning address of local variable or temporary: str
C:\Users\huber\github\VisCanvas2.0\OpenGL_on_a_Windows_Form\DataInterface.cpp(244): warning C4715: 'DataInterface::saveToFile': not all control paths return a value
C:\Users\huber\github\VisCanvas2.0\OpenGL_on_a_Windows_Form\VisCanvas.h(2780): warning C4700: uninitialized local variable 'editedAttributes' used
C:\Users\huber\github\VisCanvas2.0\OpenGL_on_a_Windows_Form\OpenGL.h(127): warning C4715: 'OpenGLForm::COpenGL::SetFilePath': not all control paths return a value
C:\Users\huber\github\VisCanvas2.0\OpenGL_on_a_Windows_Form\OpenGL.h(127): warning C4715: 'OpenGLForm::COpenGL::SetFilePath': not all control paths return a value
  AssemblyInfo.obj : MSIL module encountered; incremental linking is disabled for MSIL; performing full link
  OpenGL_on_a_Windows_Form.vcxproj -> C:\Users\huber\github\VisCanvas2.0\Debug\VisCanvas.exe
